2024-11-16 22:59:10,303 - DEBUG - Created region 0 at (313, 346, 485, 518)
2024-11-16 22:59:10,303 - DEBUG - Created region 1 at (495, 346, 667, 518)
2024-11-16 22:59:10,303 - DEBUG - Created region 2 at (677, 346, 849, 518)
2024-11-16 22:59:10,303 - DEBUG - Created region 3 at (859, 346, 1031, 518)
2024-11-16 22:59:10,304 - DEBUG - Created region 4 at (1041, 346, 1213, 518)
2024-11-16 22:59:11,371 - DEBUG - Started drawing in region 0
2024-11-16 22:59:12,357 - DEBUG - Stopped drawing in region 0
2024-11-16 22:59:12,906 - DEBUG - Started drawing in region 0
2024-11-16 22:59:13,427 - DEBUG - Stopped drawing in region 0
2024-11-16 23:02:37,168 - DEBUG - Created region 0 at (313, 346, 485, 518)
2024-11-16 23:02:37,169 - DEBUG - Created region 1 at (495, 346, 667, 518)
2024-11-16 23:02:37,169 - DEBUG - Created region 2 at (677, 346, 849, 518)
2024-11-16 23:02:37,169 - DEBUG - Created region 3 at (859, 346, 1031, 518)
2024-11-16 23:02:37,169 - DEBUG - Created region 4 at (1041, 346, 1213, 518)
2024-11-16 23:02:37,885 - DEBUG - Started drawing in region 0
2024-11-16 23:02:38,485 - DEBUG - Stopped drawing in region 0
2024-11-16 23:02:39,105 - DEBUG - Started drawing in region 0
2024-11-16 23:02:39,705 - DEBUG - Stopped drawing in region 0
2024-11-16 23:02:40,526 - DEBUG - Saved debug image for region 0 to ocr_debug\region_0_20241116_230240.png
2024-11-16 23:02:40,580 - DEBUG - ['tesseract', 'C:\\Users\\nicks\\AppData\\Local\\Temp\\tess_95x5yr6r_input.PNG', 'C:\\Users\\nicks\\AppData\\Local\\Temp\\tess_95x5yr6r', '--psm', '10', '--oem', '3', 'txt']
2024-11-16 23:03:18,350 - DEBUG - Created region 0 at (313, 346, 485, 518)
2024-11-16 23:03:18,350 - DEBUG - Created region 1 at (495, 346, 667, 518)
2024-11-16 23:03:18,350 - DEBUG - Created region 2 at (677, 346, 849, 518)
2024-11-16 23:03:18,351 - DEBUG - Created region 3 at (859, 346, 1031, 518)
2024-11-16 23:03:18,351 - DEBUG - Created region 4 at (1041, 346, 1213, 518)
2024-11-16 23:03:19,098 - DEBUG - Saved debug image for region 0 to ocr_debug\region_0_20241116_230319.png
2024-11-16 23:03:19,120 - DEBUG - ['C:\\Users\\nicks\\AppData\\Local\\Tesseract-OCR\\tesseract.exe', 'C:\\Users\\nicks\\AppData\\Local\\Temp\\tess_izww_e93_input.PNG', 'C:\\Users\\nicks\\AppData\\Local\\Temp\\tess_izww_e93', '--psm', '10', '--oem', '3', 'txt']
2024-11-16 23:04:23,632 - DEBUG - Created region 0 at (313, 346, 485, 518)
2024-11-16 23:04:23,632 - DEBUG - Created region 1 at (495, 346, 667, 518)
2024-11-16 23:04:23,632 - DEBUG - Created region 2 at (677, 346, 849, 518)
2024-11-16 23:04:23,632 - DEBUG - Created region 3 at (859, 346, 1031, 518)
2024-11-16 23:04:23,632 - DEBUG - Created region 4 at (1041, 346, 1213, 518)
2024-11-16 23:04:24,292 - DEBUG - Started drawing in region 0
2024-11-16 23:04:24,402 - DEBUG - Stopped drawing in region 0
2024-11-16 23:04:24,620 - DEBUG - Started drawing in region 0
2024-11-16 23:04:24,758 - DEBUG - Stopped drawing in region 0
2024-11-16 23:04:25,429 - DEBUG - Saved debug image for region 0 to ocr_debug\region_0_20241116_230425.png
2024-11-16 23:04:25,450 - DEBUG - ['C:\\Program Files\\Tesseract-OCR\\tesseract.exe', 'C:\\Users\\nicks\\AppData\\Local\\Temp\\tess_y8zp2au6_input.PNG', 'C:\\Users\\nicks\\AppData\\Local\\Temp\\tess_y8zp2au6', '--psm', '10', '--oem', '3', 'txt']
2024-11-16 23:04:25,912 - DEBUG - Region 0 recognized as: '_'
2024-11-16 23:04:25,912 - DEBUG - Saved debug image for region 1 to ocr_debug\region_1_20241116_230425.png
2024-11-16 23:04:25,914 - DEBUG - ['C:\\Program Files\\Tesseract-OCR\\tesseract.exe', 'C:\\Users\\nicks\\AppData\\Local\\Temp\\tess_hkpewacr_input.PNG', 'C:\\Users\\nicks\\AppData\\Local\\Temp\\tess_hkpewacr', '--psm', '10', '--oem', '3', 'txt']
2024-11-16 23:04:26,044 - DEBUG - Region 1 recognized as: '_'
2024-11-16 23:04:26,045 - DEBUG - Saved debug image for region 2 to ocr_debug\region_2_20241116_230425.png
2024-11-16 23:04:26,047 - DEBUG - ['C:\\Program Files\\Tesseract-OCR\\tesseract.exe', 'C:\\Users\\nicks\\AppData\\Local\\Temp\\tess_sa4xnck5_input.PNG', 'C:\\Users\\nicks\\AppData\\Local\\Temp\\tess_sa4xnck5', '--psm', '10', '--oem', '3', 'txt']
2024-11-16 23:04:26,180 - DEBUG - Region 2 recognized as: '_'
2024-11-16 23:04:26,180 - DEBUG - Saved debug image for region 3 to ocr_debug\region_3_20241116_230425.png
2024-11-16 23:04:26,181 - DEBUG - ['C:\\Program Files\\Tesseract-OCR\\tesseract.exe', 'C:\\Users\\nicks\\AppData\\Local\\Temp\\tess_4mdhp46t_input.PNG', 'C:\\Users\\nicks\\AppData\\Local\\Temp\\tess_4mdhp46t', '--psm', '10', '--oem', '3', 'txt']
2024-11-16 23:04:26,312 - DEBUG - Region 3 recognized as: '_'
2024-11-16 23:04:26,313 - DEBUG - Saved debug image for region 4 to ocr_debug\region_4_20241116_230425.png
2024-11-16 23:04:26,314 - DEBUG - ['C:\\Program Files\\Tesseract-OCR\\tesseract.exe', 'C:\\Users\\nicks\\AppData\\Local\\Temp\\tess_wuschojh_input.PNG', 'C:\\Users\\nicks\\AppData\\Local\\Temp\\tess_wuschojh', '--psm', '10', '--oem', '3', 'txt']
2024-11-16 23:04:26,447 - DEBUG - Region 4 recognized as: '_'
2024-11-16 23:04:28,990 - DEBUG - Started drawing in region 0
2024-11-16 23:04:29,891 - DEBUG - Stopped drawing in region 0
2024-11-16 23:04:30,527 - DEBUG - Started drawing in region 0
2024-11-16 23:04:30,978 - DEBUG - Stopped drawing in region 0
2024-11-16 23:04:31,687 - DEBUG - Started drawing in region 1
2024-11-16 23:04:32,045 - DEBUG - Stopped drawing in region 1
2024-11-16 23:04:32,747 - DEBUG - Started drawing in region 1
2024-11-16 23:04:34,011 - DEBUG - Stopped drawing in region 1
2024-11-16 23:04:34,622 - DEBUG - Saved debug image for region 0 to ocr_debug\region_0_20241116_230434.png
2024-11-16 23:04:34,626 - DEBUG - ['C:\\Program Files\\Tesseract-OCR\\tesseract.exe', 'C:\\Users\\nicks\\AppData\\Local\\Temp\\tess_4nmlosqr_input.PNG', 'C:\\Users\\nicks\\AppData\\Local\\Temp\\tess_4nmlosqr', '--psm', '10', '--oem', '3', 'txt']
2024-11-16 23:04:34,775 - DEBUG - Region 0 recognized as: 'A'
2024-11-16 23:04:34,776 - DEBUG - Saved debug image for region 1 to ocr_debug\region_1_20241116_230434.png
2024-11-16 23:04:34,777 - DEBUG - ['C:\\Program Files\\Tesseract-OCR\\tesseract.exe', 'C:\\Users\\nicks\\AppData\\Local\\Temp\\tess_ztic2eok_input.PNG', 'C:\\Users\\nicks\\AppData\\Local\\Temp\\tess_ztic2eok', '--psm', '10', '--oem', '3', 'txt']
2024-11-16 23:04:34,912 - DEBUG - Region 1 recognized as: ''
2024-11-16 23:04:34,913 - DEBUG - Saved debug image for region 2 to ocr_debug\region_2_20241116_230434.png
2024-11-16 23:04:34,915 - DEBUG - ['C:\\Program Files\\Tesseract-OCR\\tesseract.exe', 'C:\\Users\\nicks\\AppData\\Local\\Temp\\tess_wlgnxkcm_input.PNG', 'C:\\Users\\nicks\\AppData\\Local\\Temp\\tess_wlgnxkcm', '--psm', '10', '--oem', '3', 'txt']
2024-11-16 23:04:35,042 - DEBUG - Region 2 recognized as: '_'
2024-11-16 23:04:35,042 - DEBUG - Saved debug image for region 3 to ocr_debug\region_3_20241116_230434.png
2024-11-16 23:04:35,044 - DEBUG - ['C:\\Program Files\\Tesseract-OCR\\tesseract.exe', 'C:\\Users\\nicks\\AppData\\Local\\Temp\\tess_3crfvdjf_input.PNG', 'C:\\Users\\nicks\\AppData\\Local\\Temp\\tess_3crfvdjf', '--psm', '10', '--oem', '3', 'txt']
2024-11-16 23:04:35,176 - DEBUG - Region 3 recognized as: '_'
2024-11-16 23:04:35,176 - DEBUG - Saved debug image for region 4 to ocr_debug\region_4_20241116_230434.png
2024-11-16 23:04:35,178 - DEBUG - ['C:\\Program Files\\Tesseract-OCR\\tesseract.exe', 'C:\\Users\\nicks\\AppData\\Local\\Temp\\tess_ruf6yn9r_input.PNG', 'C:\\Users\\nicks\\AppData\\Local\\Temp\\tess_ruf6yn9r', '--psm', '10', '--oem', '3', 'txt']
2024-11-16 23:04:35,308 - DEBUG - Region 4 recognized as: '_'
2024-11-16 23:04:39,093 - DEBUG - Cleared all regions
2024-11-29 21:17:39,475 - DEBUG - Created region 0 at (0, 0, 432, 432)
2024-11-29 21:17:39,476 - DEBUG - Created region 1 at (432, 0, 864, 432)
2024-11-29 21:17:39,476 - DEBUG - Created region 2 at (864, 0, 1296, 432)
2024-11-29 21:17:39,476 - DEBUG - Created region 3 at (1296, 0, 1728, 432)
2024-11-29 21:17:39,476 - DEBUG - Created region 4 at (0, 432, 432, 864)
2024-11-29 21:17:39,476 - DEBUG - Created region 5 at (432, 432, 864, 864)
2024-11-29 21:17:39,476 - DEBUG - Created region 6 at (864, 432, 1296, 864)
2024-11-29 21:17:39,477 - DEBUG - Created region 7 at (1296, 432, 1728, 864)
2024-11-29 21:17:40,992 - DEBUG - Started drawing in region 0
2024-11-29 21:17:41,486 - DEBUG - Stopped drawing in region 0
2024-11-29 21:17:41,853 - DEBUG - Started drawing in region 0
2024-11-29 21:17:42,065 - DEBUG - Stopped drawing in region 0
2024-11-29 21:17:42,659 - DEBUG - Started drawing in region 1
2024-11-29 21:17:42,740 - DEBUG - Stopped drawing in region 1
2024-11-29 21:17:42,772 - DEBUG - Started drawing in region 1
2024-11-29 21:17:43,249 - DEBUG - Stopped drawing in region 1
2024-11-29 21:17:44,579 - DEBUG - Started drawing in region 1
2024-11-29 21:17:45,135 - DEBUG - Stopped drawing in region 1
2024-11-29 21:17:52,455 - DEBUG - Created region 0 at (0, 0, 432, 432)
2024-11-29 21:17:52,455 - DEBUG - Created region 1 at (432, 0, 864, 432)
2024-11-29 21:17:52,455 - DEBUG - Created region 2 at (864, 0, 1296, 432)
2024-11-29 21:17:52,455 - DEBUG - Created region 3 at (1296, 0, 1728, 432)
2024-11-29 21:17:52,456 - DEBUG - Created region 4 at (0, 432, 432, 864)
2024-11-29 21:17:52,456 - DEBUG - Created region 5 at (432, 432, 864, 864)
2024-11-29 21:17:52,456 - DEBUG - Created region 6 at (864, 432, 1296, 864)
2024-11-29 21:17:52,456 - DEBUG - Created region 7 at (1296, 432, 1728, 864)
2024-11-29 21:17:53,234 - DEBUG - Started drawing in region 0
2024-11-29 21:17:53,609 - DEBUG - Stopped drawing in region 0
2024-11-29 22:04:35,128 - DEBUG - Created region 0 at (0, 0, 432, 432)
2024-11-29 22:04:35,128 - DEBUG - Created region 1 at (432, 0, 864, 432)
2024-11-29 22:04:35,128 - DEBUG - Created region 2 at (864, 0, 1296, 432)
2024-11-29 22:04:35,129 - DEBUG - Created region 3 at (1296, 0, 1728, 432)
2024-11-29 22:04:35,129 - DEBUG - Created region 4 at (0, 432, 432, 864)
2024-11-29 22:04:35,129 - DEBUG - Created region 5 at (432, 432, 864, 864)
2024-11-29 22:04:35,129 - DEBUG - Created region 6 at (864, 432, 1296, 864)
2024-11-29 22:04:35,129 - DEBUG - Created region 7 at (1296, 432, 1728, 864)
2024-11-29 22:04:35,992 - DEBUG - Started drawing in region 0
2024-11-29 22:04:36,362 - DEBUG - Stopped drawing in region 0
2024-11-29 22:04:36,597 - DEBUG - Started drawing in region 0
2024-11-29 22:04:36,728 - DEBUG - Stopped drawing in region 0
2024-11-29 22:11:10,935 - DEBUG - Created region 0 at (0, 0, 432, 432)
2024-11-29 22:11:10,935 - DEBUG - Created region 1 at (432, 0, 864, 432)
2024-11-29 22:11:10,935 - DEBUG - Created region 2 at (864, 0, 1296, 432)
2024-11-29 22:11:10,935 - DEBUG - Created region 3 at (1296, 0, 1728, 432)
2024-11-29 22:11:10,935 - DEBUG - Created region 4 at (0, 432, 432, 864)
2024-11-29 22:11:10,936 - DEBUG - Created region 5 at (432, 432, 864, 864)
2024-11-29 22:11:10,936 - DEBUG - Created region 6 at (864, 432, 1296, 864)
2024-11-29 22:11:10,936 - DEBUG - Created region 7 at (1296, 432, 1728, 864)
2024-11-29 22:11:16,316 - DEBUG - Created region 0 at (0, 0, 432, 432)
2024-11-29 22:11:16,316 - DEBUG - Created region 1 at (432, 0, 864, 432)
2024-11-29 22:11:16,317 - DEBUG - Created region 2 at (864, 0, 1296, 432)
2024-11-29 22:11:16,317 - DEBUG - Created region 3 at (1296, 0, 1728, 432)
2024-11-29 22:11:16,317 - DEBUG - Created region 4 at (0, 432, 432, 864)
2024-11-29 22:11:16,317 - DEBUG - Created region 5 at (432, 432, 864, 864)
2024-11-29 22:11:16,317 - DEBUG - Created region 6 at (864, 432, 1296, 864)
2024-11-29 22:11:16,317 - DEBUG - Created region 7 at (1296, 432, 1728, 864)
2024-11-29 22:11:21,412 - DEBUG - Created region 0 at (0, 0, 432, 432)
2024-11-29 22:11:21,412 - DEBUG - Created region 1 at (432, 0, 864, 432)
2024-11-29 22:11:21,412 - DEBUG - Created region 2 at (864, 0, 1296, 432)
2024-11-29 22:11:21,412 - DEBUG - Created region 3 at (1296, 0, 1728, 432)
2024-11-29 22:11:21,412 - DEBUG - Created region 4 at (0, 432, 432, 864)
2024-11-29 22:11:21,412 - DEBUG - Created region 5 at (432, 432, 864, 864)
2024-11-29 22:11:21,413 - DEBUG - Created region 6 at (864, 432, 1296, 864)
2024-11-29 22:11:21,413 - DEBUG - Created region 7 at (1296, 432, 1728, 864)
2024-11-29 22:18:28,079 - DEBUG - Created region 0 at (0, 0, 432, 432)
2024-11-29 22:18:28,079 - DEBUG - Created region 1 at (432, 0, 864, 432)
2024-11-29 22:18:28,080 - DEBUG - Created region 2 at (864, 0, 1296, 432)
2024-11-29 22:18:28,080 - DEBUG - Created region 3 at (1296, 0, 1728, 432)
2024-11-29 22:18:28,080 - DEBUG - Created region 4 at (0, 432, 432, 864)
2024-11-29 22:18:28,080 - DEBUG - Created region 5 at (432, 432, 864, 864)
2024-11-29 22:18:28,080 - DEBUG - Created region 6 at (864, 432, 1296, 864)
2024-11-29 22:18:28,081 - DEBUG - Created region 7 at (1296, 432, 1728, 864)
2024-11-29 22:18:50,328 - DEBUG - Created region 0 at (0, 0, 432, 432)
2024-11-29 22:18:50,328 - DEBUG - Created region 1 at (432, 0, 864, 432)
2024-11-29 22:18:50,328 - DEBUG - Created region 2 at (864, 0, 1296, 432)
2024-11-29 22:18:50,329 - DEBUG - Created region 3 at (1296, 0, 1728, 432)
2024-11-29 22:18:50,329 - DEBUG - Created region 4 at (0, 432, 432, 864)
2024-11-29 22:18:50,329 - DEBUG - Created region 5 at (432, 432, 864, 864)
2024-11-29 22:18:50,329 - DEBUG - Created region 6 at (864, 432, 1296, 864)
2024-11-29 22:18:50,329 - DEBUG - Created region 7 at (1296, 432, 1728, 864)
2024-11-29 22:20:12,200 - DEBUG - Created region 0 at (0, 0, 432, 432)
2024-11-29 22:20:12,200 - DEBUG - Created region 1 at (432, 0, 864, 432)
2024-11-29 22:20:12,200 - DEBUG - Created region 2 at (864, 0, 1296, 432)
2024-11-29 22:20:12,200 - DEBUG - Created region 3 at (1296, 0, 1728, 432)
2024-11-29 22:20:12,200 - DEBUG - Created region 4 at (0, 432, 432, 864)
2024-11-29 22:20:12,201 - DEBUG - Created region 5 at (432, 432, 864, 864)
2024-11-29 22:20:12,201 - DEBUG - Created region 6 at (864, 432, 1296, 864)
2024-11-29 22:20:12,201 - DEBUG - Created region 7 at (1296, 432, 1728, 864)
2024-11-29 22:20:24,931 - DEBUG - Created region 0 at (0, 0, 432, 432)
2024-11-29 22:20:24,931 - DEBUG - Created region 1 at (432, 0, 864, 432)
2024-11-29 22:20:24,931 - DEBUG - Created region 2 at (864, 0, 1296, 432)
2024-11-29 22:20:24,932 - DEBUG - Created region 3 at (1296, 0, 1728, 432)
2024-11-29 22:20:24,932 - DEBUG - Created region 4 at (0, 432, 432, 864)
2024-11-29 22:20:24,932 - DEBUG - Created region 5 at (432, 432, 864, 864)
2024-11-29 22:20:24,932 - DEBUG - Created region 6 at (864, 432, 1296, 864)
2024-11-29 22:20:24,932 - DEBUG - Created region 7 at (1296, 432, 1728, 864)
2024-11-30 00:19:18,588 - DEBUG - Created region 0 at (0, 0, 432, 432)
2024-11-30 00:19:18,588 - DEBUG - Created region 1 at (432, 0, 864, 432)
2024-11-30 00:19:18,588 - DEBUG - Created region 2 at (864, 0, 1296, 432)
2024-11-30 00:19:18,588 - DEBUG - Created region 3 at (1296, 0, 1728, 432)
2024-11-30 00:19:18,588 - DEBUG - Created region 4 at (0, 432, 432, 864)
2024-11-30 00:19:18,589 - DEBUG - Created region 5 at (432, 432, 864, 864)
2024-11-30 00:19:18,589 - DEBUG - Created region 6 at (864, 432, 1296, 864)
2024-11-30 00:19:18,589 - DEBUG - Created region 7 at (1296, 432, 1728, 864)
